Retrieving https://www.elrepo.org/elrepo-release-7.0-3.el7.elrepo.noarch.rpm
Preparing...                          ########################################
Updating / installing...
elrepo-release-7.0-3.el7.elrepo       ########################################
Failed to set locale, defaulting to C
Failed to set locale, defaulting to C
Loaded plugins: fastestmirror
Loading mirror speeds from cached hostfile
 * base: mirror.vodien.com
 * elrepo: hkg.mirror.rackspace.com
 * elrepo-kernel: hkg.mirror.rackspace.com
 * epel: hkg.mirror.rackspace.com
 * extras: mirror.vodien.com
 * updates: centos.netonboard.com
Resolving Dependencies
--> Running transaction check
---> Package kernel-ml.x86_64 0:5.2.11-1.el7.elrepo will be installed
---> Package kernel-ml-devel.x86_64 0:5.2.11-1.el7.elrepo will be installed
--> Finished Dependency Resolution

Dependencies Resolved

================================================================================
 Package             Arch       Version                 Repository         Size
================================================================================
Installing:
 kernel-ml           x86_64     5.2.11-1.el7.elrepo     elrepo-kernel      48 M
 kernel-ml-devel     x86_64     5.2.11-1.el7.elrepo     elrepo-kernel      13 M

Transaction Summary
================================================================================
Install  2 Packages

Total download size: 60 M
Installed size: 263 M
Downloading packages:
--------------------------------------------------------------------------------
Total                                               12 MB/s |  60 MB  00:05     
Running transaction check
Running transaction test
Transaction test succeeded
Running transaction
Warning: RPMDB altered outside of yum.
  Installing : kernel-ml-5.2.11-1.el7.elrepo.x86_64                         1/2 
  Installing : kernel-ml-devel-5.2.11-1.el7.elrepo.x86_64                   2/2 
  Verifying  : kernel-ml-devel-5.2.11-1.el7.elrepo.x86_64                   1/2 
  Verifying  : kernel-ml-5.2.11-1.el7.elrepo.x86_64                         2/2 

Installed:
  kernel-ml.x86_64 0:5.2.11-1.el7.elrepo                                        
  kernel-ml-devel.x86_64 0:5.2.11-1.el7.elrepo                                  

Complete!

[0;32mInfo:[0m The system needs to reboot.
Do you want to restart system? [y/n]